<?xml version="1.0" encoding="UTF-8"?>
<testsuite xmlns:xsi="http://www.w3.org/2001/XMLSchema-instance" xsi:noNamespaceSchemaLocation="https://maven.apache.org/surefire/maven-surefire-plugin/xsd/surefire-test-report.xsd" name="com.rental.model.kendaraan.KendaraanFactoryTest" time="0.103" tests="9" errors="0" skipped="0" failures="0">
  <properties>
[...]
</properties>
  <testcase name="testCreateKendaraan_InvalidJenis" classname="com.rental.model.kendaraan.KendaraanFactoryTest" time="0.028"/>
  <testcase name="testCreateKendaraan_ValidJenis{String, String}[1]" classname="com.rental.model.kendaraan.KendaraanFactoryTest" time="0.02"/>
  <testcase name="testCreateKendaraan_ValidJenis{String, String}[2]" classname="com.rental.model.kendaraan.KendaraanFactoryTest" time="0.001"/>
  <testcase name="testCreateKendaraan_ValidJenis{String, String}[3]" classname="com.rental.model.kendaraan.KendaraanFactoryTest" time="0.001"/>
  <testcase name="testCreateKendaraan_ValidJenis{String, String}[4]" classname="com.rental.model.kendaraan.KendaraanFactoryTest" time="0"/>
  <testcase name="testCreateKendaraan_ValidJenis{String, String}[5]" classname="com.rental.model.kendaraan.KendaraanFactoryTest" time="0"/>
  <testcase name="testCreateKendaraan_ValidJenis{String, String}[6]" classname="com.rental.model.kendaraan.KendaraanFactoryTest" time="0"/>
  <testcase name="testCreateKendaraan_ValidJenis{String, String}[7]" classname="com.rental.model.kendaraan.KendaraanFactoryTest" time="0"/>
  <testcase name="testCreateKendaraan_ValidJenis{String, String}[8]" classname="com.rental.model.kendaraan.KendaraanFactoryTest" time="0"/>
</testsuite>